2021-11-30 21:01:33.838 StartupInfoLogger.logStarting:55 - Starting TamsApplication on LAPTOP-SQ6ESAG3 with PID 12912 (C:\Users\12242\Desktop\github\Course-scheduling-system\tams-server\target\classes started by 12242 in C:\Users\12242\Desktop\github\Course-scheduling-system)
2021-11-30 21:01:33.849 SpringApplication.logStartupProfileInfo:655 - The following profiles are active: dev
2021-11-30 21:01:36.821 TomcatWebServer.initialize:108 - Tomcat initialized with port(s): 12010 (http)
2021-11-30 21:01:36.834 DirectJDKLog.log:173 - Initializing ProtocolHandler ["http-nio-12010"]
2021-11-30 21:01:36.834 DirectJDKLog.log:173 - Starting service [Tomcat]
2021-11-30 21:01:36.835 DirectJDKLog.log:173 - Starting Servlet engine: [Apache Tomcat/9.0.35]
2021-11-30 21:01:36.837 DirectJDKLog.log:173 - Loaded Apache Tomcat Native library [1.2.30] using APR version [1.7.0].
2021-11-30 21:01:36.837 DirectJDKLog.log:173 - APR capabilities: IPv6 [true], sendfile [true], accept filters [false], random [true].
2021-11-30 21:01:36.838 DirectJDKLog.log:173 - APR/OpenSSL configuration: useAprConnector [false], useOpenSSL [true]
2021-11-30 21:01:36.856 DirectJDKLog.log:173 - OpenSSL successfully initialized [OpenSSL 1.1.1k  25 Mar 2021]
2021-11-30 21:01:36.992 DirectJDKLog.log:173 - Initializing Spring embedded WebApplicationContext
2021-11-30 21:01:36.992 ServletWebServerApplicationContext.prepareWebApplicationContext:284 - Root WebApplicationContext: initialization completed in 3082 ms
2021-11-30 21:01:37.122 DruidDataSourceAutoConfigure.dataSource:56 - Init DruidDataSource
2021-11-30 21:01:37.499 DruidDataSource.init:1003 - {dataSource-1} inited
2021-11-30 21:01:39.706 ExecutorConfigurationSupport.initialize:181 - Initializing ExecutorService 'applicationTaskExecutor'
2021-11-30 21:01:40.019 DirectJDKLog.log:173 - Starting ProtocolHandler ["http-nio-12010"]
2021-11-30 21:01:40.095 TomcatWebServer.start:220 - Tomcat started on port(s): 12010 (http) with context path ''
2021-11-30 21:01:40.895 StartupInfoLogger.logStarted:61 - Started TamsApplication in 7.86 seconds (JVM running for 10.154)
2021-11-30 21:01:41.125 DirectJDKLog.log:173 - Initializing Spring DispatcherServlet 'dispatcherServlet'
2021-11-30 21:01:41.125 FrameworkServlet.initServletBean:525 - Initializing Servlet 'dispatcherServlet'
2021-11-30 21:01:41.134 FrameworkServlet.initServletBean:547 - Completed initialization in 8 ms
2021-11-30 21:12:38.144 ExecutorConfigurationSupport.shutdown:218 - Shutting down ExecutorService 'applicationTaskExecutor'
2021-11-30 21:12:38.147 DruidDataSource.close:1948 - {dataSource-1} closing ...
2021-11-30 21:12:38.157 DruidDataSource.close:2020 - {dataSource-1} closed
